12-Jan-26 | 01:58:02 - INFO - Click OK : cookies_button
12-Jan-26 | 01:58:02 - INFO - Click OK : delete_all_filtre
12-Jan-26 | 01:58:06 - INFO - Click OK : taille_label
12-Jan-26 | 01:58:08 - INFO - Click OK : douze_pouces
12-Jan-26 | 01:58:08 - INFO - Récupération OK : category -> Moins de 12"
12-Jan-26 | 01:58:09 - INFO - Récupération OK : number_products -> (1153)
12-Jan-26 | 01:58:09 - INFO - Count OK : category -> 1
12-Jan-26 | 01:58:09 - INFO - Il y a 1 filtre(s), la catégorie 'Moins de 12"' contient (1153) produit(s).
12-Jan-26 | 01:58:09 - INFO - Count OK : product-list -> 62
12-Jan-26 | 01:58:09 - INFO - Récupération OK : current_page -> 1
12-Jan-26 | 01:58:09 - INFO - Count OK : category -> 1
12-Jan-26 | 01:58:09 - INFO - Il y 1 Filtre(s) sur la page 1 qui contient 62 éléments.
12-Jan-26 | 01:58:11 - INFO - le DataFrame complet a bien enregistré.
12-Jan-26 | 01:58:15 - INFO - Click OK : suivant
12-Jan-26 | 01:58:15 - INFO - Count OK : product-list -> 64
12-Jan-26 | 01:58:15 - INFO - Récupération OK : current_page -> 2
12-Jan-26 | 01:58:15 - INFO - Count OK : category -> 1
12-Jan-26 | 01:58:15 - INFO - Il y 1 Filtre(s) sur la page 2 qui contient 64 éléments.
12-Jan-26 | 01:58:16 - INFO - le DataFrame complet a bien enregistré.
12-Jan-26 | 01:58:20 - INFO - Click OK : suivant
12-Jan-26 | 01:58:20 - INFO - Count OK : product-list -> 57
12-Jan-26 | 01:58:20 - INFO - Récupération OK : current_page -> 3
12-Jan-26 | 01:58:20 - INFO - Count OK : category -> 1
12-Jan-26 | 01:58:20 - INFO - Il y 1 Filtre(s) sur la page 3 qui contient 57 éléments.
12-Jan-26 | 01:58:21 - INFO - le DataFrame complet a bien enregistré.
